<?xml version="1.0" encoding="UTF-8"?>
<!-- Generated by org.testng.reporters.JUnitReportReporter -->
<testsuite hostname="LAPTOP-RAQOTQJ9" failures="0" tests="1" name="Mobile_Automation.App_Automation" time="28.850" errors="0" timestamp="2024-08-27T12:43:38 BDT" skipped="0">
  <testcase classname="Mobile_Automation.App_Automation" name="testGeneralStoreAPK" time="28.850"/>
</testsuite> <!-- Mobile_Automation.App_Automation -->
